2023-11-17 15:11:39 - Neovide panicked with the message 'Focus Gained Failed: NeovimError(Some(0), "Invalid method: nvim_ui_set_focus")'. (File: src/bridge/ui_commands.rs; Line: 150, Column: 47)
   0: <unknown>
   1: <unknown>
   2: <unknown>
   3: <unknown>
   4: <unknown>
   5: <unknown>
   6: <unknown>
   7: <unknown>
   8: <unknown>
   9: <unknown>
  10: <unknown>
  11: <unknown>
  12: <unknown>
  13: <unknown>
  14: start_thread
             at /build/glibc-CVJwZb/glibc-2.27/nptl/pthread_create.c:463
  15: clone
             at /build/glibc-CVJwZb/glibc-2.27/misc/../sysdeps/unix/sysv/linux/x86_64/clone.S:95

2023-11-17 15:11:39 - Neovide panicked with the message 'Focus Lost Failed: NeovimError(Some(0), "Invalid method: nvim_ui_set_focus")'. (File: src/bridge/ui_commands.rs; Line: 147, Column: 48)
   0: <unknown>
   1: <unknown>
   2: <unknown>
   3: <unknown>
   4: <unknown>
   5: <unknown>
   6: <unknown>
   7: <unknown>
   8: <unknown>
   9: <unknown>
  10: <unknown>
  11: <unknown>
  12: <unknown>
  13: <unknown>
  14: start_thread
             at /build/glibc-CVJwZb/glibc-2.27/nptl/pthread_create.c:463
  15: clone
             at /build/glibc-CVJwZb/glibc-2.27/misc/../sysdeps/unix/sysv/linux/x86_64/clone.S:95

